<?xml version="1.0" encoding="UTF-8"?>
<testsuite name="com.automation.framework.AutomationSuiteApplicationTests" tests="1" skipped="0" failures="0" errors="0" timestamp="2021-09-20T02:46:34" hostname="WIN7PRO" time="0.323">
  <properties/>
  <testcase name="contextLoads()" classname="com.automation.framework.AutomationSuiteApplicationTests" time="0.323"/>
  <system-out><![CDATA[08:16:23.788 [Test worker] DEBUG org.springframework.test.context.BootstrapUtils - Instantiating CacheAwareContextLoaderDelegate from class [org.springframework.test.context.cache.DefaultCacheAwareContextLoaderDelegate]
08:16:23.828 [Test worker] DEBUG org.springframework.test.context.BootstrapUtils - Instantiating BootstrapContext using constructor [public org.springframework.test.context.support.DefaultBootstrapContext(java.lang.Class,org.springframework.test.context.CacheAwareContextLoaderDelegate)]
08:16:23.920 [Test worker] DEBUG org.springframework.test.context.BootstrapUtils - Instantiating TestContextBootstrapper for test class [com.automation.framework.AutomationSuiteApplicationTests] from class [org.springframework.boot.test.context.SpringBootTestContextBootstrapper]
08:16:23.938 [Test worker] INFO org.springframework.boot.test.context.SpringBootTestContextBootstrapper - Neither @ContextConfiguration nor @ContextHierarchy found for test class [com.automation.framework.AutomationSuiteApplicationTests], using SpringBootContextLoader
08:16:23.948 [Test worker] DEBUG org.springframework.test.context.support.AbstractContextLoader - Did not detect default resource location for test class [com.automation.framework.AutomationSuiteApplicationTests]: class path resource [com/automation/framework/AutomationSuiteApplicationTests-context.xml] does not exist
08:16:23.949 [Test worker] DEBUG org.springframework.test.context.support.AbstractContextLoader - Did not detect default resource location for test class [com.automation.framework.AutomationSuiteApplicationTests]: class path resource [com/automation/framework/AutomationSuiteApplicationTestsContext.groovy] does not exist
08:16:23.950 [Test worker] INFO org.springframework.test.context.support.AbstractContextLoader - Could not detect default resource locations for test class [com.automation.framework.AutomationSuiteApplicationTests]: no resource found for suffixes {-context.xml, Context.groovy}.
08:16:23.952 [Test worker] INFO org.springframework.test.context.support.AnnotationConfigContextLoaderUtils - Could not detect default configuration classes for test class [com.automation.framework.AutomationSuiteApplicationTests]: AutomationSuiteApplicationTests does not declare any static, non-private, non-final, nested classes annotated with @Configuration.
08:16:24.072 [Test worker] DEBUG org.springframework.test.context.support.ActiveProfilesUtils - Could not find an 'annotation declaring class' for annotation type [org.springframework.test.context.ActiveProfiles] and class [com.automation.framework.AutomationSuiteApplicationTests]
08:16:24.232 [Test worker] DEBUG org.springframework.context.annotation.ClassPathScanningCandidateComponentProvider - Identified candidate component class: file [C:\code\automation-suite\build\classes\java\main\com\automation\framework\AutomationSuiteApplication.class]
08:16:24.235 [Test worker] INFO org.springframework.boot.test.context.SpringBootTestContextBootstrapper - Found @SpringBootConfiguration com.automation.framework.AutomationSuiteApplication for test class com.automation.framework.AutomationSuiteApplicationTests
08:16:24.493 [Test worker] DEBUG org.springframework.boot.test.context.SpringBootTestContextBootstrapper - @TestExecutionListeners is not present for class [com.automation.framework.AutomationSuiteApplicationTests]: using defaults.
08:16:24.498 [Test worker] INFO org.springframework.boot.test.context.SpringBootTestContextBootstrapper - Loaded default TestExecutionListener class names from location [META-INF/spring.factories]: [org.springframework.boot.test.autoconfigure.restdocs.RestDocsTestExecutionListener, org.springframework.boot.test.autoconfigure.web.client.MockRestServiceServerResetTestExecutionListener, org.springframework.boot.test.autoconfigure.web.servlet.MockMvcPrintOnlyOnFailureTestExecutionListener, org.springframework.boot.test.autoconfigure.web.servlet.WebDriverTestExecutionListener, org.springframework.boot.test.autoconfigure.webservices.client.MockWebServiceServerTestExecutionListener, org.springframework.boot.test.mock.mockito.MockitoTestExecutionListener, org.springframework.boot.test.mock.mockito.ResetMocksTestExecutionListener, org.springframework.test.context.web.ServletTestExecutionListener, org.springframework.test.context.support.DirtiesContextBeforeModesTestExecutionListener, org.springframework.test.context.event.ApplicationEventsTestExecutionListener, org.springframework.test.context.support.DependencyInjectionTestExecutionListener, org.springframework.test.context.support.DirtiesContextTestExecutionListener, org.springframework.test.context.transaction.TransactionalTestExecutionListener, org.springframework.test.context.jdbc.SqlScriptsTestExecutionListener, org.springframework.test.context.event.EventPublishingTestExecutionListener]
08:16:24.528 [Test worker] DEBUG org.springframework.boot.test.context.SpringBootTestContextBootstrapper - Skipping candidate TestExecutionListener [org.springframework.test.context.web.ServletTestExecutionListener] due to a missing dependency. Specify custom listener classes or make the default listener classes and their required dependencies available. Offending class: [javax/servlet/ServletContext]
08:16:24.546 [Test worker] INFO org.springframework.boot.test.context.SpringBootTestContextBootstrapper - Using TestExecutionListeners: [org.springframework.test.context.support.DirtiesContextBeforeModesTestExecutionListener@c2f0340, org.springframework.test.context.event.ApplicationEventsTestExecutionListener@3aa1358a, org.springframework.boot.test.mock.mockito.MockitoTestExecutionListener@437652a3, org.springframework.boot.test.autoconfigure.SpringBootDependencyInjectionTestExecutionListener@3bae5ee4, org.springframework.test.context.support.DirtiesContextTestExecutionListener@4fef7fd2, org.springframework.test.context.transaction.TransactionalTestExecutionListener@7c510ec0, org.springframework.test.context.jdbc.SqlScriptsTestExecutionListener@dc3a8a3, org.springframework.test.context.event.EventPublishingTestExecutionListener@44538e81, org.springframework.boot.test.autoconfigure.restdocs.RestDocsTestExecutionListener@70f66836, org.springframework.boot.test.autoconfigure.web.client.MockRestServiceServerResetTestExecutionListener@4254fe6, org.springframework.boot.test.autoconfigure.web.servlet.MockMvcPrintOnlyOnFailureTestExecutionListener@14b36971, org.springframework.boot.test.autoconfigure.web.servlet.WebDriverTestExecutionListener@4cccdae0, org.springframework.boot.test.autoconfigure.webservices.client.MockWebServiceServerTestExecutionListener@fb8ac97, org.springframework.boot.test.mock.mockito.ResetMocksTestExecutionListener@214c88f9]
08:16:24.554 [Test worker] DEBUG org.springframework.test.context.support.AbstractDirtiesContextTestExecutionListener - Before test class: context [DefaultTestContext@2d49cd6b testClass = AutomationSuiteApplicationTests, testInstance = [null], testMethod = [null], testException = [null], mergedContextConfiguration = [MergedContextConfiguration@4a7cca5a testClass = AutomationSuiteApplicationTests, locations = '{}', classes = '{class com.automation.framework.AutomationSuiteApplication}', contextInitializerClasses = '[]', activeProfiles = '{}', propertySourceLocations = '{}', propertySourceProperties = '{org.springframework.boot.test.context.SpringBootTestContextBootstrapper=true}', contextCustomizers = set[org.springframework.boot.test.autoconfigure.actuate.metrics.MetricsExportContextCustomizerFactory$DisableMetricExportContextCustomizer@4c99656c, org.springframework.boot.test.autoconfigure.properties.PropertyMappingContextCustomizer@0, org.springframework.boot.test.autoconfigure.web.servlet.WebDriverContextCustomizerFactory$Customizer@7accf576, org.springframework.boot.test.context.filter.ExcludeFilterContextCustomizer@4aff94e7, org.springframework.boot.test.json.DuplicateJsonObjectContextCustomizerFactory$DuplicateJsonObjectContextCustomizer@762abf8a, org.springframework.boot.test.mock.mockito.MockitoContextCustomizer@0, org.springframework.boot.test.web.client.TestRestTemplateContextCustomizer@434e614b, org.springframework.boot.test.context.SpringBootTestArgs@1, org.springframework.boot.test.context.SpringBootTestWebEnvironment@78d9ae59], contextLoader = 'org.springframework.boot.test.context.SpringBootContextLoader', parent = [null]], attributes = map[[empty]]], class annotated with @DirtiesContext [false] with mode [null].
08:16:24.579 [Test worker] DEBUG org.springframework.test.context.support.DependencyInjectionTestExecutionListener - Performing dependency injection for test context [[DefaultTestContext@2d49cd6b testClass = AutomationSuiteApplicationTests, testInstance = com.automation.framework.AutomationSuiteApplicationTests@747d9979, testMethod = [null], testException = [null], mergedContextConfiguration = [MergedContextConfiguration@4a7cca5a testClass = AutomationSuiteApplicationTests, locations = '{}', classes = '{class com.automation.framework.AutomationSuiteApplication}', contextInitializerClasses = '[]', activeProfiles = '{}', propertySourceLocations = '{}', propertySourceProperties = '{org.springframework.boot.test.context.SpringBootTestContextBootstrapper=true}', contextCustomizers = set[org.springframework.boot.test.autoconfigure.actuate.metrics.MetricsExportContextCustomizerFactory$DisableMetricExportContextCustomizer@4c99656c, org.springframework.boot.test.autoconfigure.properties.PropertyMappingContextCustomizer@0, org.springframework.boot.test.autoconfigure.web.servlet.WebDriverContextCustomizerFactory$Customizer@7accf576, org.springframework.boot.test.context.filter.ExcludeFilterContextCustomizer@4aff94e7, org.springframework.boot.test.json.DuplicateJsonObjectContextCustomizerFactory$DuplicateJsonObjectContextCustomizer@762abf8a, org.springframework.boot.test.mock.mockito.MockitoContextCustomizer@0, org.springframework.boot.test.web.client.TestRestTemplateContextCustomizer@434e614b, org.springframework.boot.test.context.SpringBootTestArgs@1, org.springframework.boot.test.context.SpringBootTestWebEnvironment@78d9ae59], contextLoader = 'org.springframework.boot.test.context.SpringBootContextLoader', parent = [null]], attributes = map['org.springframework.test.context.event.ApplicationEventsTestExecutionListener.recordApplicationEvents' -> false]]].
08:16:24.626 [Test worker] DEBUG org.springframework.test.context.support.TestPropertySourceUtils - Adding inlined properties to environment: {spring.jmx.enabled=false, org.springframework.boot.test.context.SpringBootTestContextBootstrapper=true}

  .   ____          _            __ _ _
 /\\ / ___'_ __ _ _(_)_ __  __ _ \ \ \ \
( ( )\___ | '_ | '_| | '_ \/ _` | \ \ \ \
 \\/  ___)| |_)| | | | | || (_| |  ) ) ) )
  '  |____| .__|_| |_|_| |_\__, | / / / /
 =========|_|==============|___/=/_/_/_/
 :: Spring Boot ::                (v2.5.4)

2021-09-20 08:16:25.326  INFO 11036 --- [    Test worker] c.a.f.AutomationSuiteApplicationTests    : Starting AutomationSuiteApplicationTests using Java 11.0.12 on win7pro with PID 11036 (started by Administrator in C:\code\automation-suite)
2021-09-20 08:16:25.335  INFO 11036 --- [    Test worker] c.a.f.AutomationSuiteApplicationTests    : No active profile set, falling back to default profiles: default
2021-09-20 08:16:26.552  INFO 11036 --- [    Test worker] .s.d.r.c.RepositoryConfigurationDelegate : Multiple Spring Data modules found, entering strict repository configuration mode!
2021-09-20 08:16:26.558  INFO 11036 --- [    Test worker] .s.d.r.c.RepositoryConfigurationDelegate : Bootstrapping Spring Data JPA repositories in DEFAULT mode.
2021-09-20 08:16:26.715  INFO 11036 --- [    Test worker] .s.d.r.c.RepositoryConfigurationDelegate : Finished Spring Data repository scanning in 143 ms. Found 1 JPA repository interfaces.
2021-09-20 08:16:26.788  INFO 11036 --- [    Test worker] .s.d.r.c.RepositoryConfigurationDelegate : Multiple Spring Data modules found, entering strict repository configuration mode!
2021-09-20 08:16:26.789  INFO 11036 --- [    Test worker] .s.d.r.c.RepositoryConfigurationDelegate : Bootstrapping Spring Data MongoDB repositories in DEFAULT mode.
2021-09-20 08:16:26.820  INFO 11036 --- [    Test worker] .RepositoryConfigurationExtensionSupport : Spring Data MongoDB - Could not safely identify store assignment for repository candidate interface com.automation.framework.data.repo.UserRepository. If you want this repository to be a MongoDB repository, consider annotating your entities with one of these annotations: org.springframework.data.mongodb.core.mapping.Document (preferred), or consider extending one of the following types with your repository: org.springframework.data.mongodb.repository.MongoRepository.
2021-09-20 08:16:26.821  INFO 11036 --- [    Test worker] .s.d.r.c.RepositoryConfigurationDelegate : Finished Spring Data repository scanning in 31 ms. Found 0 MongoDB repository interfaces.
2021-09-20 08:16:28.325  INFO 11036 --- [    Test worker] com.zaxxer.hikari.HikariDataSource       : HikariPool-1 - Starting...
2021-09-20 08:16:28.825  INFO 11036 --- [    Test worker] com.zaxxer.hikari.HikariDataSource       : HikariPool-1 - Start completed.
2021-09-20 08:16:29.023  INFO 11036 --- [    Test worker] o.hibernate.jpa.internal.util.LogHelper  : HHH000204: Processing PersistenceUnitInfo [name: default]
2021-09-20 08:16:29.162  INFO 11036 --- [    Test worker] org.hibernate.Version                    : HHH000412: Hibernate ORM core version 5.4.32.Final
2021-09-20 08:16:29.600  INFO 11036 --- [    Test worker] o.hibernate.annotations.common.Version   : HCANN000001: Hibernate Commons Annotations {5.1.2.Final}
2021-09-20 08:16:30.010  INFO 11036 --- [    Test worker] org.hibernate.dialect.Dialect            : HHH000400: Using dialect: org.hibernate.dialect.H2Dialect
2021-09-20 08:16:31.345  INFO 11036 --- [    Test worker] o.h.e.t.j.p.i.JtaPlatformInitiator       : HHH000490: Using JtaPlatform implementation: [org.hibernate.engine.transaction.jta.platform.internal.NoJtaPlatform]
2021-09-20 08:16:31.362  INFO 11036 --- [    Test worker] j.LocalContainerEntityManagerFactoryBean : Initialized JPA EntityManagerFactory for persistence unit 'default'
2021-09-20 08:16:32.979  INFO 11036 --- [    Test worker] org.mongodb.driver.cluster               : Cluster created with settings {hosts=[localhost:27017], mode=SINGLE, requiredClusterType=UNKNOWN, serverSelectionTimeout='30000 ms'}
2021-09-20 08:16:33.167  INFO 11036 --- [localhost:27017] org.mongodb.driver.connection            : Opened connection [connectionId{localValue:2, serverValue:12}] to localhost:27017
2021-09-20 08:16:33.173  INFO 11036 --- [localhost:27017] org.mongodb.driver.connection            : Opened connection [connectionId{localValue:1, serverValue:11}] to localhost:27017
2021-09-20 08:16:33.179  INFO 11036 --- [localhost:27017] org.mongodb.driver.cluster               : Monitor thread successfully connected to server with description ServerDescription{address=localhost:27017, type=STANDALONE, state=CONNECTED, ok=true, minWireVersion=0, maxWireVersion=8, maxDocumentSize=16777216, logicalSessionTimeoutMinutes=30, roundTripTimeNanos=66997200}
2021-09-20 08:16:34.129  INFO 11036 --- [    Test worker] c.a.f.AutomationSuiteApplicationTests    : Started AutomationSuiteApplicationTests in 9.497 seconds (JVM running for 12.445)
]]></system-out>
  <system-err><![CDATA[]]></system-err>
</testsuite>
